<?xml version="1.0" encoding="UTF-8"?>
<robot generator="Robot 5.0 (Python 3.10.2 on win32)" generated="20220509 16:15:41.055" rpa="false" schemaversion="3">
<suite id="s1" name="Verify Valid Credential Suite" source="C:\Users\admin\Desktop\orange HRM.automation\LoginSuite\verify_valid_credential_suite.robot">
<test id="s1-t1" name="Valid Credential Test" line="11">
<kw name="Link Browser" library="common functionality" type="SETUP">
<kw name="Append To Environment Variable" library="OperatingSystem">
<arg>Path</arg>
<arg>${EXECDIR}${/}driver</arg>
<doc>Appends given ``values`` to environment variable ``name``.</doc>
<msg timestamp="20220509 16:15:45.864" level="INFO">Environment variable 'Path' set to value 'C:\Python\Divya\Scripts\;C:\Python\Divya\;C:\Program Files\Common Files\Oracle\Java\javapath;C:\Windows\system32;C:\Windows;C:\Windows\System32\Wbem;C:\Windows\System32\WindowsPowerShell\v1.0\;C:\Windows\System32\OpenSSH\;C:\Program Files\Java\jdk-15.0.2\bin;C:\Program Files\Java\jdk-15.0.2\bin;C:\Program Files\Git\cmd;C:\MinGW\bin;C;C:\Users\admin\AppData\Local\Microsoft\WindowsApps;C:\Users\admin\AppData\Local\Programs\Microsoft VS Code\bin;C:\Program Files\JetBrains\PyCharm 2021.3.2\bin;;C:\Users\admin\Desktop\orange HRM.automation\driver'.</msg>
<status status="PASS" starttime="20220509 16:15:45.864" endtime="20220509 16:15:45.864"/>
</kw>
<kw name="Open Browser" library="SeleniumLibrary">
<arg>browser=${BROWSER}</arg>
<doc>Opens a new browser instance to the optional ``url``.</doc>
<msg timestamp="20220509 16:15:45.864" level="INFO">Opening browser 'chrome' to base url 'None'.</msg>
<status status="PASS" starttime="20220509 16:15:45.864" endtime="20220509 16:15:56.802"/>
</kw>
<kw name="Maximize Browser Window" library="SeleniumLibrary">
<doc>Maximizes current browser window.</doc>
<status status="PASS" starttime="20220509 16:15:56.802" endtime="20220509 16:15:56.979"/>
</kw>
<kw name="Set Selenium Implicit Wait" library="SeleniumLibrary">
<arg>30s</arg>
<doc>Sets the implicit wait value used by Selenium.</doc>
<status status="PASS" starttime="20220509 16:15:56.979" endtime="20220509 16:15:56.979"/>
</kw>
<kw name="Set Screenshot Directory" library="SeleniumLibrary">
<arg>${EXECDIR}${/}screenshot</arg>
<doc>Sets the directory for captured screenshots.</doc>
<status status="PASS" starttime="20220509 16:15:56.979" endtime="20220509 16:15:56.987"/>
</kw>
<kw name="Go To" library="SeleniumLibrary">
<arg>url=${URL}</arg>
<doc>Navigates the current browser window to the provided ``url``.</doc>
<msg timestamp="20220509 16:15:56.987" level="INFO">Opening url 'https://opensource-demo.orangehrmlive.com/'</msg>
<status status="PASS" starttime="20220509 16:15:56.987" endtime="20220509 16:16:18.496"/>
</kw>
<status status="PASS" starttime="20220509 16:15:45.864" endtime="20220509 16:16:18.496"/>
</kw>
<kw name="Input Text" library="SeleniumLibrary">
<arg>id=txtUsername</arg>
<arg>Admin</arg>
<doc>Types the given ``text`` into the text field identified by ``locator``.</doc>
<msg timestamp="20220509 16:16:18.496" level="INFO">Typing text 'Admin' into text field 'id=txtUsername'.</msg>
<status status="PASS" starttime="20220509 16:16:18.496" endtime="20220509 16:16:18.678"/>
</kw>
<kw name="Input Password" library="SeleniumLibrary">
<arg>id=txtPassword</arg>
<arg>admin123</arg>
<doc>Types the given password into the text field identified by ``locator``.</doc>
<msg timestamp="20220509 16:16:18.678" level="INFO">Typing password into text field 'id=txtPassword'.</msg>
<msg timestamp="20220509 16:16:18.756" level="INFO">Temporally setting log level to: NONE</msg>
<msg timestamp="20220509 16:16:18.856" level="INFO">Log level changed from NONE to INFO.</msg>
<status status="PASS" starttime="20220509 16:16:18.678" endtime="20220509 16:16:18.856"/>
</kw>
<kw name="Click Element" library="SeleniumLibrary">
<arg>id=btnLogin</arg>
<doc>Click the element identified by ``locator``.</doc>
<msg timestamp="20220509 16:16:18.856" level="INFO">Clicking element 'id=btnLogin'.</msg>
<status status="PASS" starttime="20220509 16:16:18.856" endtime="20220509 16:16:37.989"/>
</kw>
<kw name="Page Should Contain" library="SeleniumLibrary">
<arg>My Info</arg>
<doc>Verifies that current page contains ``text``.</doc>
<msg timestamp="20220509 16:16:38.013" level="INFO">Current page contains text 'My Info'.</msg>
<status status="PASS" starttime="20220509 16:16:37.989" endtime="20220509 16:16:38.013"/>
</kw>
<kw name="Close Browser" library="SeleniumLibrary" type="TEARDOWN">
<doc>Closes the current browser.</doc>
<status status="PASS" starttime="20220509 16:16:38.013" endtime="20220509 16:16:43.873"/>
</kw>
<status status="PASS" starttime="20220509 16:15:45.856" endtime="20220509 16:16:43.873"/>
</test>
<doc>This suite will handle valid credential
test TC_OH2</doc>
<status status="PASS" starttime="20220509 16:15:41.140" endtime="20220509 16:16:43.873"/>
</suite>
<statistics>
<total>
<stat pass="1" fail="0" skip="0">All Tests</stat>
</total>
<tag>
</tag>
<suite>
<stat pass="1" fail="0" skip="0" id="s1" name="Verify Valid Credential Suite">Verify Valid Credential Suite</stat>
</suite>
</statistics>
<errors>
</errors>
</robot>
