<?xml version="1.0" encoding="UTF-8"?>
<robot generator="Robot 5.0 (Python 3.10.2 on win32)" generated="20220510 10:51:39.649" rpa="false" schemaversion="3">
<suite id="s1" name="Verify Valid Credential Suite" source="C:\Users\admin\Desktop\orange HRM.automation\LoginSuite\verify_valid_credential_suite.robot">
<test id="s1-t1" name="TC1" line="14">
<kw name="Link Browser" library="common functionality" type="SETUP">
<kw name="Append To Environment Variable" library="OperatingSystem">
<arg>Path</arg>
<arg>${EXECDIR}${/}driver</arg>
<doc>Appends given ``values`` to environment variable ``name``.</doc>
<msg timestamp="20220510 10:51:42.491" level="INFO">Environment variable 'Path' set to value 'C:\Python\Divya\Scripts\;C:\Python\Divya\;C:\Program Files\Common Files\Oracle\Java\javapath;C:\Windows\system32;C:\Windows;C:\Windows\System32\Wbem;C:\Windows\System32\WindowsPowerShell\v1.0\;C:\Windows\System32\OpenSSH\;C:\Program Files\Java\jdk-15.0.2\bin;C:\Program Files\Java\jdk-15.0.2\bin;C:\Program Files\Git\cmd;C:\MinGW\bin;C;C:\Users\admin\AppData\Local\Microsoft\WindowsApps;C:\Users\admin\AppData\Local\Programs\Microsoft VS Code\bin;C:\Program Files\JetBrains\PyCharm 2021.3.2\bin;;C:\Users\admin\Desktop\orange HRM.automation\driver'.</msg>
<status status="PASS" starttime="20220510 10:51:42.491" endtime="20220510 10:51:42.491"/>
</kw>
<kw name="Open Browser" library="SeleniumLibrary">
<arg>browser=${BROWSER}</arg>
<doc>Opens a new browser instance to the optional ``url``.</doc>
<msg timestamp="20220510 10:51:42.491" level="INFO">Opening browser 'chrome' to base url 'None'.</msg>
<status status="PASS" starttime="20220510 10:51:42.491" endtime="20220510 10:51:49.220"/>
</kw>
<kw name="Maximize Browser Window" library="SeleniumLibrary">
<doc>Maximizes current browser window.</doc>
<status status="PASS" starttime="20220510 10:51:49.220" endtime="20220510 10:51:49.422"/>
</kw>
<kw name="Set Selenium Implicit Wait" library="SeleniumLibrary">
<arg>30s</arg>
<doc>Sets the implicit wait value used by Selenium.</doc>
<status status="PASS" starttime="20220510 10:51:49.422" endtime="20220510 10:51:49.430"/>
</kw>
<kw name="Set Screenshot Directory" library="SeleniumLibrary">
<arg>${EXECDIR}${/}screenshot</arg>
<doc>Sets the directory for captured screenshots.</doc>
<status status="PASS" starttime="20220510 10:51:49.430" endtime="20220510 10:51:49.430"/>
</kw>
<kw name="Go To" library="SeleniumLibrary">
<arg>url=${URL}</arg>
<doc>Navigates the current browser window to the provided ``url``.</doc>
<msg timestamp="20220510 10:51:49.432" level="INFO">Opening url 'https://opensource-demo.orangehrmlive.com/'</msg>
<status status="PASS" starttime="20220510 10:51:49.430" endtime="20220510 10:52:16.030"/>
</kw>
<status status="PASS" starttime="20220510 10:51:42.491" endtime="20220510 10:52:16.030"/>
</kw>
<kw name="Valid Credential Template">
<arg>Admin</arg>
<arg>admin123</arg>
<arg>My Info</arg>
<kw name="Input Text" library="SeleniumLibrary">
<arg>id=txtUsername</arg>
<arg>${username}</arg>
<doc>Types the given ``text`` into the text field identified by ``locator``.</doc>
<msg timestamp="20220510 10:52:16.038" level="INFO">Typing text 'Admin' into text field 'id=txtUsername'.</msg>
<status status="PASS" starttime="20220510 10:52:16.030" endtime="20220510 10:52:16.189"/>
</kw>
<kw name="Input Password" library="SeleniumLibrary">
<arg>id=txtPassword</arg>
<arg>${password}</arg>
<doc>Types the given password into the text field identified by ``locator``.</doc>
<msg timestamp="20220510 10:52:16.189" level="INFO">Typing password into text field 'id=txtPassword'.</msg>
<msg timestamp="20220510 10:52:16.292" level="INFO">Temporally setting log level to: NONE</msg>
<msg timestamp="20220510 10:52:16.392" level="INFO">Log level changed from NONE to INFO.</msg>
<status status="PASS" starttime="20220510 10:52:16.189" endtime="20220510 10:52:16.392"/>
</kw>
<kw name="Click Element" library="SeleniumLibrary">
<arg>id=btnLogin</arg>
<doc>Click the element identified by ``locator``.</doc>
<msg timestamp="20220510 10:52:16.408" level="INFO">Clicking element 'id=btnLogin'.</msg>
<status status="PASS" starttime="20220510 10:52:16.392" endtime="20220510 10:52:24.742"/>
</kw>
<kw name="Page Should Contain" library="SeleniumLibrary">
<arg>${expected}</arg>
<doc>Verifies that current page contains ``text``.</doc>
<msg timestamp="20220510 10:52:24.774" level="INFO">Current page contains text 'My Info'.</msg>
<status status="PASS" starttime="20220510 10:52:24.742" endtime="20220510 10:52:24.774"/>
</kw>
<status status="PASS" starttime="20220510 10:52:16.030" endtime="20220510 10:52:24.774"/>
</kw>
<kw name="Close Browser" library="SeleniumLibrary" type="TEARDOWN">
<doc>Closes the current browser.</doc>
<status status="PASS" starttime="20220510 10:52:24.774" endtime="20220510 10:52:29.437"/>
</kw>
<status status="PASS" starttime="20220510 10:51:42.491" endtime="20220510 10:52:29.437"/>
</test>
<test id="s1-t2" name="TC2" line="15">
<kw name="Link Browser" library="common functionality" type="SETUP">
<kw name="Append To Environment Variable" library="OperatingSystem">
<arg>Path</arg>
<arg>${EXECDIR}${/}driver</arg>
<doc>Appends given ``values`` to environment variable ``name``.</doc>
<msg timestamp="20220510 10:52:29.437" level="INFO">Environment variable 'Path' set to value 'C:\Python\Divya\Scripts\;C:\Python\Divya\;C:\Program Files\Common Files\Oracle\Java\javapath;C:\Windows\system32;C:\Windows;C:\Windows\System32\Wbem;C:\Windows\System32\WindowsPowerShell\v1.0\;C:\Windows\System32\OpenSSH\;C:\Program Files\Java\jdk-15.0.2\bin;C:\Program Files\Java\jdk-15.0.2\bin;C:\Program Files\Git\cmd;C:\MinGW\bin;C;C:\Users\admin\AppData\Local\Microsoft\WindowsApps;C:\Users\admin\AppData\Local\Programs\Microsoft VS Code\bin;C:\Program Files\JetBrains\PyCharm 2021.3.2\bin;;C:\Users\admin\Desktop\orange HRM.automation\driver;C:\Users\admin\Desktop\orange HRM.automation\driver'.</msg>
<status status="PASS" starttime="20220510 10:52:29.437" endtime="20220510 10:52:29.437"/>
</kw>
<kw name="Open Browser" library="SeleniumLibrary">
<arg>browser=${BROWSER}</arg>
<doc>Opens a new browser instance to the optional ``url``.</doc>
<msg timestamp="20220510 10:52:29.437" level="INFO">Opening browser 'chrome' to base url 'None'.</msg>
<status status="PASS" starttime="20220510 10:52:29.437" endtime="20220510 10:52:35.735"/>
</kw>
<kw name="Maximize Browser Window" library="SeleniumLibrary">
<doc>Maximizes current browser window.</doc>
<status status="PASS" starttime="20220510 10:52:35.735" endtime="20220510 10:52:35.881"/>
</kw>
<kw name="Set Selenium Implicit Wait" library="SeleniumLibrary">
<arg>30s</arg>
<doc>Sets the implicit wait value used by Selenium.</doc>
<status status="PASS" starttime="20220510 10:52:35.881" endtime="20220510 10:52:35.890"/>
</kw>
<kw name="Set Screenshot Directory" library="SeleniumLibrary">
<arg>${EXECDIR}${/}screenshot</arg>
<doc>Sets the directory for captured screenshots.</doc>
<status status="PASS" starttime="20220510 10:52:35.890" endtime="20220510 10:52:35.890"/>
</kw>
<kw name="Go To" library="SeleniumLibrary">
<arg>url=${URL}</arg>
<doc>Navigates the current browser window to the provided ``url``.</doc>
<msg timestamp="20220510 10:52:35.890" level="INFO">Opening url 'https://opensource-demo.orangehrmlive.com/'</msg>
<status status="PASS" starttime="20220510 10:52:35.890" endtime="20220510 10:52:57.987"/>
</kw>
<status status="PASS" starttime="20220510 10:52:29.437" endtime="20220510 10:52:57.987"/>
</kw>
<kw name="Valid Credential Template">
<arg>Admin</arg>
<arg>admin123</arg>
<arg>Welcome</arg>
<kw name="Input Text" library="SeleniumLibrary">
<arg>id=txtUsername</arg>
<arg>${username}</arg>
<doc>Types the given ``text`` into the text field identified by ``locator``.</doc>
<msg timestamp="20220510 10:52:57.987" level="INFO">Typing text 'Admin' into text field 'id=txtUsername'.</msg>
<status status="PASS" starttime="20220510 10:52:57.987" endtime="20220510 10:52:58.186"/>
</kw>
<kw name="Input Password" library="SeleniumLibrary">
<arg>id=txtPassword</arg>
<arg>${password}</arg>
<doc>Types the given password into the text field identified by ``locator``.</doc>
<msg timestamp="20220510 10:52:58.186" level="INFO">Typing password into text field 'id=txtPassword'.</msg>
<msg timestamp="20220510 10:52:58.271" level="INFO">Temporally setting log level to: NONE</msg>
<msg timestamp="20220510 10:52:58.371" level="INFO">Log level changed from NONE to INFO.</msg>
<status status="PASS" starttime="20220510 10:52:58.186" endtime="20220510 10:52:58.371"/>
</kw>
<kw name="Click Element" library="SeleniumLibrary">
<arg>id=btnLogin</arg>
<doc>Click the element identified by ``locator``.</doc>
<msg timestamp="20220510 10:52:58.371" level="INFO">Clicking element 'id=btnLogin'.</msg>
<status status="PASS" starttime="20220510 10:52:58.371" endtime="20220510 10:53:10.943"/>
</kw>
<kw name="Page Should Contain" library="SeleniumLibrary">
<arg>${expected}</arg>
<doc>Verifies that current page contains ``text``.</doc>
<msg timestamp="20220510 10:53:11.031" level="INFO">Current page contains text 'Welcome'.</msg>
<status status="PASS" starttime="20220510 10:53:10.943" endtime="20220510 10:53:11.031"/>
</kw>
<status status="PASS" starttime="20220510 10:52:57.987" endtime="20220510 10:53:11.031"/>
</kw>
<kw name="Close Browser" library="SeleniumLibrary" type="TEARDOWN">
<doc>Closes the current browser.</doc>
<status status="PASS" starttime="20220510 10:53:11.039" endtime="20220510 10:53:16.123"/>
</kw>
<status status="PASS" starttime="20220510 10:52:29.437" endtime="20220510 10:53:16.123"/>
</test>
<doc>This suite will handle valid credential
test TC_OH2</doc>
<status status="PASS" starttime="20220510 10:51:39.669" endtime="20220510 10:53:16.123"/>
</suite>
<statistics>
<total>
<stat pass="2" fail="0" skip="0">All Tests</stat>
</total>
<tag>
</tag>
<suite>
<stat pass="2" fail="0" skip="0" id="s1" name="Verify Valid Credential Suite">Verify Valid Credential Suite</stat>
</suite>
</statistics>
<errors>
</errors>
</robot>
